  vhacdVolume.cpp
  vhacdMesh.cpp
  vhacdManifoldMesh.cpp
  vhacdICHull.cpp
  VHACD.cpp
c:\users\david\documents\repositories\customengine\hacd\vhacdmutex.h(55): warning C4005: '_WIN32_WINNT': macro redefinition
  c:\program files (x86)\windows kits\8.1\include\shared\sdkddkver.h(200): note: see previous definition of '_WIN32_WINNT'
c:\users\david\documents\repositories\customengine\hacd\vhacd.cpp(118): warning C4267: '=': conversion from 'size_t' to 'int', possible loss of data
c:\users\david\documents\repositories\customengine\hacd\vhacd.cpp(1283): warning C4244: 'initializing': conversion from 'double' to 'float', possible loss of data
c:\users\david\documents\repositories\customengine\hacd\vhacd.cpp(1283): warning C4244: 'initializing': conversion from 'double' to 'const float', possible loss of data
c:\users\david\documents\repositories\customengine\hacd\vhacd.cpp(1286): warning C4244: '=': conversion from 'double' to 'float', possible loss of data
c:\users\david\documents\repositories\customengine\hacd\vhacd.cpp(1299): warning C4267: 'argument': conversion from 'size_t' to 'const int', possible loss of data
c:\users\david\documents\repositories\customengine\hacd\vhacd.cpp(1335): warning C4244: 'initializing': conversion from 'double' to 'float', possible loss of data
c:\users\david\documents\repositories\customengine\hacd\vhacd.cpp(1335): warning C4244: 'initializing': conversion from 'double' to 'const float', possible loss of data
c:\users\david\documents\repositories\customengine\hacd\vhacd.cpp(1338): warning C4244: '=': conversion from 'double' to 'float', possible loss of data
c:\users\david\documents\repositories\customengine\hacd\vhacd.cpp(1344): warning C4244: '=': conversion from 'double' to 'float', possible loss of data
  btConvexHullComputer.cpp
  btAlignedAllocator.cpp
c:\users\david\documents\repositories\customengine\hacd\btalignedallocator.cpp(67): warning C4311: 'type cast': pointer truncation from 'char *' to 'unsigned long'
c:\users\david\documents\repositories\customengine\hacd\btalignedallocator.cpp(67): warning C4302: 'type cast': truncation from 'char *' to 'unsigned long'
  Generating Code...
  hacd.vcxproj -> C:\Users\David\Documents\Repositories\CustomEngine\x64\Debug\hacd.dll
